<?xml version="1.0" encoding="UTF-8"?>
<!-- Generated by org.testng.reporters.JUnitXMLReporter -->
<testsuite hostname="DOROTHY_J" name="Default test" tests="10" failures="0" timestamp="9 Jul 2012 06:01:59 GMT" time="0.031" errors="0">
  <testcase name="@BeforeTest setUp" time="0.0" classname="com.photon.phresco.testcases.ProductsCheckOutTestCase">
    <failure type="org.testng.TestNGException" message="
Parameter &amp;apos;browser&amp;apos; is required by @Configuration on method setUp
but has not been marked @Optional or defined in C:\Documents and Settings\dorothy_j\Local Settings\Temp\testng-eclipse--1476557457\testng-customsuite.xml">
      <![CDATA[org.testng.TestNGException: 
Parameter 'browser' is required by @Configuration on method setUp
but has not been marked @Optional or defined in C:\Documents and Settings\dorothy_j\Local Settings\Temp\testng-eclipse--1476557457\testng-customsuite.xml
	at org.testng.internal.Parameters.createParameters(Parameters.java:143)
	at org.testng.internal.Parameters.createParameters(Parameters.java:343)
	at org.testng.internal.Parameters.createConfigurationParameters(Parameters.java:77)
	at org.testng.internal.Invoker.invokeConfigurations(Invoker.java:198)
	at org.testng.internal.Invoker.invokeConfigurations(Invoker.java:138)
	at org.testng.TestRunner.beforeRun(TestRunner.java:637)
	at org.testng.TestRunner.run(TestRunner.java:605)
	at org.testng.SuiteRunner.runTest(SuiteRunner.java:334)
	at org.testng.SuiteRunner.runSequentially(SuiteRunner.java:329)
	at org.testng.SuiteRunner.privateRun(SuiteRunner.java:291)
	at org.testng.SuiteRunner.run(SuiteRunner.java:240)
	at org.testng.SuiteRunnerWorker.runSuite(SuiteRunnerWorker.java:53)
	at org.testng.SuiteRunnerWorker.run(SuiteRunnerWorker.java:87)
	at org.testng.TestNG.runSuitesSequentially(TestNG.java:1142)
	at org.testng.TestNG.runSuitesLocally(TestNG.java:1067)
	at org.testng.TestNG.run(TestNG.java:979)
	at org.testng.remote.RemoteTestNG.run(RemoteTestNG.java:109)
	at org.testng.remote.RemoteTestNG.initAndRun(RemoteTestNG.java:202)
	at org.testng.remote.RemoteTestNG.main(RemoteTestNG.java:173)
]]>
    </failure>
  </testcase>
  <testcase name="@AfterTest tearDown" time="0.0" classname="com.photon.phresco.testcases.ProductsCheckOutTestCase">
    <skipped/>
  </testcase>
  <testcase name="testAccessoriesProducts on null(com.photon.phresco.testcases.ProductsCheckOutTestCase)" time="0.015" classname="com.photon.phresco.testcases.ProductsCheckOutTestCase">
    <skipped/>
  </testcase>
  <testcase name="testAudioDevicesProducts on null(com.photon.phresco.testcases.ProductsCheckOutTestCase)" time="0.0" classname="com.photon.phresco.testcases.ProductsCheckOutTestCase">
    <skipped/>
  </testcase>
  <testcase name="testCameraAddcartProducts on null(com.photon.phresco.testcases.ProductsCheckOutTestCase)" time="0.0" classname="com.photon.phresco.testcases.ProductsCheckOutTestCase">
    <skipped/>
  </testcase>
  <testcase name="testComputersAddcartProducts on null(com.photon.phresco.testcases.ProductsCheckOutTestCase)" time="0.0" classname="com.photon.phresco.testcases.ProductsCheckOutTestCase">
    <skipped/>
  </testcase>
  <testcase name="testMP3PlayersAddcartProducts on null(com.photon.phresco.testcases.ProductsCheckOutTestCase)" time="0.0" classname="com.photon.phresco.testcases.ProductsCheckOutTestCase">
    <skipped/>
  </testcase>
  <testcase name="testMobilesPhonesAddcartProducts on null(com.photon.phresco.testcases.ProductsCheckOutTestCase)" time="0.0" classname="com.photon.phresco.testcases.ProductsCheckOutTestCase">
    <skipped/>
  </testcase>
  <testcase name="testMoviesMusicAddcartProducts on null(com.photon.phresco.testcases.ProductsCheckOutTestCase)" time="0.0" classname="com.photon.phresco.testcases.ProductsCheckOutTestCase">
    <skipped/>
  </testcase>
  <testcase name="testTabletsAddcartProducts on null(com.photon.phresco.testcases.ProductsCheckOutTestCase)" time="0.0" classname="com.photon.phresco.testcases.ProductsCheckOutTestCase">
    <skipped/>
  </testcase>
  <testcase name="testTelevisionAddcartProducts on null(com.photon.phresco.testcases.ProductsCheckOutTestCase)" time="0.0" classname="com.photon.phresco.testcases.ProductsCheckOutTestCase">
    <skipped/>
  </testcase>
  <testcase name="testVideoGamesAddcartProducts on null(com.photon.phresco.testcases.ProductsCheckOutTestCase)" time="0.0" classname="com.photon.phresco.testcases.ProductsCheckOutTestCase">
    <skipped/>
  </testcase>
</testsuite>
