<?xml version="1.0" encoding="UTF-8"?>
<!-- Generated by org.testng.reporters.JUnitReportReporter -->
<testsuite hostname="PRADEEP_SI" name="com.photon.phresco.testcases.AudioDevicesAddcart" tests="1" failures="1" timestamp="4 Jul 2012 06:23:26 GMT" time="0.000" errors="0">
  <testcase name="testAudio" time="0.000" classname="com.photon.phresco.testcases.AudioDevicesAddcart">
    <failure type="org.testng.TestNGException" message="
Parameter &#039;browser&#039; is required by @Test on method testAudio but has not been marked @Optional or defined
in C:\Documents and Settings\pradeep_si\Local Settings\Temp\testng-eclipse-297827270\testng-customsuite.xml">
      <![CDATA[org.testng.TestNGException: 
Parameter 'browser' is required by @Test on method testAudio but has not been marked @Optional or defined
in C:\Documents and Settings\pradeep_si\Local Settings\Temp\testng-eclipse-297827270\testng-customsuite.xml
	at org.testng.internal.Parameters.createParameters(Parameters.java:155)
	at org.testng.internal.Parameters.createParameters(Parameters.java:355)
	at org.testng.internal.Parameters.handleParameters(Parameters.java:447)
	at org.testng.internal.Invoker.handleParameters(Invoker.java:1371)
	at org.testng.internal.Invoker.createParameters(Invoker.java:1068)
	at org.testng.internal.Invoker.invokeTestMethods(Invoker.java:1171)
	at org.testng.internal.TestMethodWorker.invokeTestMethods(TestMethodWorker.java:127)
	at org.testng.internal.TestMethodWorker.run(TestMethodWorker.java:111)
	at org.testng.TestRunner.privateRun(TestRunner.java:767)
	at org.testng.TestRunner.run(TestRunner.java:617)
	at org.testng.SuiteRunner.runTest(SuiteRunner.java:334)
	at org.testng.SuiteRunner.runSequentially(SuiteRunner.java:329)
	at org.testng.SuiteRunner.privateRun(SuiteRunner.java:291)
	at org.testng.SuiteRunner.run(SuiteRunner.java:240)
	at org.testng.SuiteRunnerWorker.runSuite(SuiteRunnerWorker.java:53)
	at org.testng.SuiteRunnerWorker.run(SuiteRunnerWorker.java:87)
	at org.testng.TestNG.runSuitesSequentially(TestNG.java:1192)
	at org.testng.TestNG.runSuitesLocally(TestNG.java:1117)
	at org.testng.TestNG.run(TestNG.java:1025)
	at org.testng.remote.RemoteTestNG.run(RemoteTestNG.java:109)
	at org.testng.remote.RemoteTestNG.initAndRun(RemoteTestNG.java:202)
	at org.testng.remote.RemoteTestNG.main(RemoteTestNG.java:173)
]]>
    </failure>
  </testcase> <!-- testAudio -->
</testsuite> <!-- com.photon.phresco.testcases.AudioDevicesAddcart -->
