<?xml version="1.0" encoding="UTF-8"?>
<!-- Generated by org.testng.reporters.JUnitXMLReporter -->
<testsuite hostname="DOROTHY_J" name="VerifyProdChkOutOnFirefox" tests="10" failures="0" timestamp="9 Jul 2012 09:49:30 GMT" time="286.61" errors="0">
  <testcase name="@AfterTest tearDown" time="0.0" classname="com.photon.phresco.testcases.ProductsCheckOutTestCase">
    <failure type="org.openqa.selenium.WebDriverException" message="Error communicating with the remote browser. It may have died.
Build info: version: &amp;apos;2.24.1&amp;apos;, revision: &amp;apos;17205&amp;apos;, time: &amp;apos;2012-06-19 17:28:14&amp;apos;
System info: os.name: &amp;apos;Windows XP&amp;apos;, os.arch: &amp;apos;x86&amp;apos;, os.version: &amp;apos;5.1&amp;apos;, java.version: &amp;apos;1.6.0_27&amp;apos;
Driver info: driver.version: EventFiringWebDriver
Command duration or timeout: 1.74 seconds
Build info: version: &amp;apos;2.24.1&amp;apos;, revision: &amp;apos;17205&amp;apos;, time: &amp;apos;2012-06-19 15:28:49&amp;apos;
System info: os.name: &amp;apos;Windows XP&amp;apos;, os.arch: &amp;apos;x86&amp;apos;, os.version: &amp;apos;5.1&amp;apos;, java.version: &amp;apos;1.6.0_27&amp;apos;
Driver info: driver.version: RemoteWebDriver
Session ID: 1341826944142">
      <![CDATA[org.openqa.selenium.WebDriverException: Error communicating with the remote browser. It may have died.
Build info: version: '2.24.1', revision: '17205', time: '2012-06-19 17:28:14'
System info: os.name: 'Windows XP', os.arch: 'x86', os.version: '5.1', java.version: '1.6.0_27'
Driver info: driver.version: EventFiringWebDriver
Command duration or timeout: 1.74 seconds
Build info: version: '2.24.1', revision: '17205', time: '2012-06-19 15:28:49'
System info: os.name: 'Windows XP', os.arch: 'x86', os.version: '5.1', java.version: '1.6.0_27'
Driver info: driver.version: RemoteWebDriver
Session ID: 1341826944142
	at sun.reflect.GeneratedConstructorAccessor13.newInstance(Unknown Source)
	at sun.reflect.DelegatingConstructorAccessorImpl.newInstance(Unknown Source)
	at java.lang.reflect.Constructor.newInstance(Unknown Source)
	at org.openqa.selenium.remote.ErrorHandler.createThrowable(ErrorHandler.java:188)
	at org.openqa.selenium.remote.ErrorHandler.throwIfResponseFailed(ErrorHandler.java:145)
	at org.openqa.selenium.remote.RemoteWebDriver.execute(RemoteWebDriver.java:472)
	at org.openqa.selenium.remote.RemoteWebDriver.execute(RemoteWebDriver.java:476)
	at org.openqa.selenium.remote.RemoteWebDriver.close(RemoteWebDriver.java:341)
	at com.photon.phresco.Screens.BaseScreen.closeBrowser(BaseScreen.java:122)
	at com.photon.phresco.testcases.ProductsCheckOutTestCase.tearDown(ProductsCheckOutTestCase.java:217)
	at sun.reflect.NativeMethodAccessorImpl.invoke0(Native Method)
	at sun.reflect.NativeMethodAccessorImpl.invoke(Unknown Source)
	at sun.reflect.DelegatingMethodAccessorImpl.invoke(Unknown Source)
	at java.lang.reflect.Method.invoke(Unknown Source)
	at org.testng.internal.MethodInvocationHelper.invokeMethod(MethodInvocationHelper.java:80)
	at org.testng.internal.Invoker.invokeConfigurationMethod(Invoker.java:543)
	at org.testng.internal.Invoker.invokeConfigurations(Invoker.java:212)
	at org.testng.internal.Invoker.invokeConfigurations(Invoker.java:138)
	at org.testng.TestRunner.afterRun(TestRunner.java:1012)
	at org.testng.TestRunner.run(TestRunner.java:617)
	at org.testng.SuiteRunner.runTest(SuiteRunner.java:334)
	at org.testng.SuiteRunner.access$000(SuiteRunner.java:37)
	at org.testng.SuiteRunner$SuiteWorker.run(SuiteRunner.java:368)
	at org.testng.internal.thread.ThreadUtil$CountDownLatchedRunnable.run(ThreadUtil.java:165)
	at java.util.concurrent.ThreadPoolExecutor$Worker.runTask(Unknown Source)
	at java.util.concurrent.ThreadPoolExecutor$Worker.run(Unknown Source)
	at java.lang.Thread.run(Unknown Source)
Caused by: org.openqa.selenium.remote.ErrorHandler$UnknownServerException: Error communicating with the remote browser. It may have died.
Build info: version: '2.24.1', revision: '17205', time: '2012-06-19 17:28:14'
System info: os.name: 'Windows XP', os.arch: 'x86', os.version: '5.1', java.version: '1.6.0_27'
Driver info: driver.version: EventFiringWebDriver
Build info: version: '2.24.1', revision: '17205', time: '2012-06-19 15:28:49'
System info: os.name: 'Windows XP', os.arch: 'x86', os.version: '5.1', java.version: '1.6.0_27'
Driver info: driver.version: EventFiringWebDriver
	at org.openqa.selenium.remote.RemoteWebDriver.execute(RemoteWebDriver.java:467)
	at org.openqa.selenium.remote.RemoteWebDriver.execute(RemoteWebDriver.java:476)
	at org.openqa.selenium.remote.RemoteWebDriver.close(RemoteWebDriver.java:341)
	at sun.reflect.NativeMethodAccessorImpl.invoke0(Native Method)
	at sun.reflect.NativeMethodAccessorImpl.invoke(Unknown Source)
	at sun.reflect.DelegatingMethodAccessorImpl.invoke(Unknown Source)
	at java.lang.reflect.Method.invoke(Unknown Source)
	at org.openqa.selenium.support.events.EventFiringWebDriver$2.invoke(EventFiringWebDriver.java:101)
	at $Proxy1.close(Unknown Source)
	at org.openqa.selenium.support.events.EventFiringWebDriver.close(EventFiringWebDriver.java:190)
	at org.openqa.selenium.remote.server.handler.CloseWindow.call(CloseWindow.java:32)
	at org.openqa.selenium.remote.server.handler.CloseWindow.call(CloseWindow.java:1)
	at java.util.concurrent.FutureTask$Sync.innerRun(Unknown Source)
	at java.util.concurrent.FutureTask.run(Unknown Source)
	at org.openqa.selenium.remote.server.DefaultSession$1.run(DefaultSession.java:150)
	... 3 more
]]>
    </failure>
  </testcase>
  <testcase name="testAccessoriesProducts on null(com.photon.phresco.testcases.ProductsCheckOutTestCase)" time="85.36" classname="com.photon.phresco.testcases.ProductsCheckOutTestCase"/>
  <testcase name="testAudioDevicesProducts on null(com.photon.phresco.testcases.ProductsCheckOutTestCase)" time="38.546" classname="com.photon.phresco.testcases.ProductsCheckOutTestCase"/>
  <testcase name="testCameraAddcartProducts on null(com.photon.phresco.testcases.ProductsCheckOutTestCase)" time="18.985" classname="com.photon.phresco.testcases.ProductsCheckOutTestCase"/>
  <testcase name="testComputersAddcartProducts on null(com.photon.phresco.testcases.ProductsCheckOutTestCase)" time="17.672" classname="com.photon.phresco.testcases.ProductsCheckOutTestCase"/>
  <testcase name="testMP3PlayersAddcartProducts on null(com.photon.phresco.testcases.ProductsCheckOutTestCase)" time="15.64" classname="com.photon.phresco.testcases.ProductsCheckOutTestCase"/>
  <testcase name="testMobilesPhonesAddcartProducts on null(com.photon.phresco.testcases.ProductsCheckOutTestCase)" time="17.0" classname="com.photon.phresco.testcases.ProductsCheckOutTestCase"/>
  <testcase name="testMoviesMusicAddcartProducts on null(com.photon.phresco.testcases.ProductsCheckOutTestCase)" time="16.547" classname="com.photon.phresco.testcases.ProductsCheckOutTestCase"/>
  <testcase name="testTabletsAddcartProducts on null(com.photon.phresco.testcases.ProductsCheckOutTestCase)" time="17.188" classname="com.photon.phresco.testcases.ProductsCheckOutTestCase"/>
  <testcase name="testTelevisionAddcartProducts on null(com.photon.phresco.testcases.ProductsCheckOutTestCase)" time="44.218" classname="com.photon.phresco.testcases.ProductsCheckOutTestCase"/>
  <testcase name="testVideoGamesAddcartProducts on null(com.photon.phresco.testcases.ProductsCheckOutTestCase)" time="1.672" classname="com.photon.phresco.testcases.ProductsCheckOutTestCase"/>
</testsuite>
